{"build/deferred.test.js":{"path":"build/deferred.test.js","s":{"1":1,"2":19,"3":19,"4":19,"5":1,"6":1,"7":1,"8":0,"9":0,"10":1,"11":15,"12":15,"13":15,"14":10,"15":5,"16":4,"17":15,"18":1,"19":15,"20":15,"21":15,"22":10,"23":5,"24":4,"25":15,"26":1,"27":2,"28":1,"29":1,"30":1,"31":1,"32":1,"33":0,"34":0,"35":0,"36":0,"37":0,"38":0,"39":0,"40":0,"41":1,"42":19,"43":1,"44":0,"45":1,"46":0,"47":1,"48":12,"49":12,"50":12,"51":9,"52":9,"53":9,"54":12,"55":1,"56":12,"57":12,"58":12,"59":9,"60":9,"61":9,"62":12,"63":1,"64":1,"65":1,"66":6,"67":34,"68":34,"69":34,"70":1,"71":6,"72":6,"73":1,"74":9,"75":1,"76":9,"77":1,"78":18,"79":18,"80":18,"81":18,"82":1},"b":{"1":[10,5],"2":[4,1],"3":[10,5],"4":[4,1],"5":[0,0],"6":[0,0],"7":[0,0],"8":[0,0],"9":[0,0],"10":[0,0,0],"11":[9,3],"12":[9,3],"13":[4,30]},"f":{"1":19,"2":0,"3":15,"4":15,"5":2,"6":1,"7":1,"8":0,"9":19,"10":0,"11":0,"12":12,"13":12,"14":6,"15":34,"16":9,"17":9,"18":18,"19":0},"fnMap":{"1":{"name":"(anonymous_1)","line":6,"loc":{"start":{"line":6,"column":14},"end":{"line":6,"column":26}}},"2":{"name":"(anonymous_2)","line":31,"loc":{"start":{"line":31,"column":18},"end":{"line":31,"column":30}}},"3":{"name":"(anonymous_3)","line":44,"loc":{"start":{"line":44,"column":16},"end":{"line":44,"column":35}}},"4":{"name":"(anonymous_4)","line":68,"loc":{"start":{"line":68,"column":16},"end":{"line":68,"column":35}}},"5":{"name":"(anonymous_5)","line":89,"loc":{"start":{"line":89,"column":21},"end":{"line":89,"column":33}}},"6":{"name":"(anonymous_6)","line":99,"loc":{"start":{"line":99,"column":22},"end":{"line":99,"column":34}}},"7":{"name":"(anonymous_7)","line":109,"loc":{"start":{"line":109,"column":22},"end":{"line":109,"column":34}}},"8":{"name":"(anonymous_8)","line":121,"loc":{"start":{"line":121,"column":16},"end":{"line":121,"column":52}}},"9":{"name":"(anonymous_9)","line":144,"loc":{"start":{"line":144,"column":15},"end":{"line":144,"column":27}}},"10":{"name":"(anonymous_10)","line":154,"loc":{"start":{"line":154,"column":21},"end":{"line":154,"column":36}}},"11":{"name":"(anonymous_11)","line":158,"loc":{"start":{"line":158,"column":22},"end":{"line":158,"column":37}}},"12":{"name":"(anonymous_12)","line":167,"loc":{"start":{"line":167,"column":31},"end":{"line":167,"column":43}}},"13":{"name":"(anonymous_13)","line":185,"loc":{"start":{"line":185,"column":32},"end":{"line":185,"column":44}}},"14":{"name":"(anonymous_14)","line":203,"loc":{"start":{"line":203,"column":19},"end":{"line":203,"column":37}}},"15":{"name":"(anonymous_15)","line":204,"loc":{"start":{"line":204,"column":9},"end":{"line":204,"column":21}}},"16":{"name":"(anonymous_16)","line":218,"loc":{"start":{"line":218,"column":17},"end":{"line":218,"column":29}}},"17":{"name":"(anonymous_17)","line":222,"loc":{"start":{"line":222,"column":17},"end":{"line":222,"column":29}}},"18":{"name":"(anonymous_18)","line":226,"loc":{"start":{"line":226,"column":13},"end":{"line":226,"column":40}}},"19":{"name":"(anonymous_19)","line":233,"loc":{"start":{"line":233,"column":16},"end":{"line":233,"column":28}}}},"statementMap":{"1":{"start":{"line":6,"column":0},"end":{"line":13,"column":2}},"2":{"start":{"line":7,"column":2},"end":{"line":7,"column":38}},"3":{"start":{"line":8,"column":2},"end":{"line":8,"column":19}},"4":{"start":{"line":9,"column":2},"end":{"line":12,"column":4}},"5":{"start":{"line":15,"column":0},"end":{"line":19,"column":2}},"6":{"start":{"line":21,"column":0},"end":{"line":21,"column":30}},"7":{"start":{"line":31,"column":0},"end":{"line":34,"column":2}},"8":{"start":{"line":32,"column":2},"end":{"line":32,"column":38}},"9":{"start":{"line":33,"column":2},"end":{"line":33,"column":14}},"10":{"start":{"line":44,"column":0},"end":{"line":58,"column":2}},"11":{"start":{"line":45,"column":2},"end":{"line":45,"column":26}},"12":{"start":{"line":46,"column":2},"end":{"line":46,"column":29}},"13":{"start":{"line":48,"column":2},"end":{"line":55,"column":3}},"14":{"start":{"line":49,"column":4},"end":{"line":52,"column":7}},"15":{"start":{"line":53,"column":9},"end":{"line":55,"column":3}},"16":{"start":{"line":54,"column":4},"end":{"line":54,"column":31}},"17":{"start":{"line":57,"column":2},"end":{"line":57,"column":14}},"18":{"start":{"line":68,"column":0},"end":{"line":81,"column":2}},"19":{"start":{"line":69,"column":2},"end":{"line":69,"column":26}},"20":{"start":{"line":70,"column":2},"end":{"line":70,"column":29}},"21":{"start":{"line":72,"column":2},"end":{"line":79,"column":3}},"22":{"start":{"line":73,"column":4},"end":{"line":76,"column":7}},"23":{"start":{"line":77,"column":9},"end":{"line":79,"column":3}},"24":{"start":{"line":78,"column":4},"end":{"line":78,"column":31}},"25":{"start":{"line":80,"column":2},"end":{"line":80,"column":14}},"26":{"start":{"line":89,"column":0},"end":{"line":91,"column":2}},"27":{"start":{"line":90,"column":2},"end":{"line":90,"column":47}},"28":{"start":{"line":99,"column":0},"end":{"line":101,"column":2}},"29":{"start":{"line":100,"column":2},"end":{"line":100,"column":48}},"30":{"start":{"line":109,"column":0},"end":{"line":111,"column":2}},"31":{"start":{"line":110,"column":2},"end":{"line":110,"column":48}},"32":{"start":{"line":121,"column":0},"end":{"line":137,"column":2}},"33":{"start":{"line":122,"column":2},"end":{"line":122,"column":48}},"34":{"start":{"line":124,"column":2},"end":{"line":126,"column":3}},"35":{"start":{"line":125,"column":4},"end":{"line":125,"column":18}},"36":{"start":{"line":128,"column":2},"end":{"line":130,"column":3}},"37":{"start":{"line":129,"column":4},"end":{"line":129,"column":30}},"38":{"start":{"line":132,"column":2},"end":{"line":134,"column":3}},"39":{"start":{"line":133,"column":4},"end":{"line":133,"column":29}},"40":{"start":{"line":136,"column":2},"end":{"line":136,"column":14}},"41":{"start":{"line":144,"column":0},"end":{"line":146,"column":2}},"42":{"start":{"line":145,"column":2},"end":{"line":145,"column":34}},"43":{"start":{"line":154,"column":0},"end":{"line":156,"column":2}},"44":{"start":{"line":155,"column":2},"end":{"line":155,"column":70}},"45":{"start":{"line":158,"column":0},"end":{"line":160,"column":2}},"46":{"start":{"line":159,"column":2},"end":{"line":159,"column":108}},"47":{"start":{"line":167,"column":0},"end":{"line":178,"column":2}},"48":{"start":{"line":168,"column":2},"end":{"line":168,"column":29}},"49":{"start":{"line":169,"column":2},"end":{"line":169,"column":32}},"50":{"start":{"line":171,"column":2},"end":{"line":175,"column":3}},"51":{"start":{"line":172,"column":4},"end":{"line":172,"column":37}},"52":{"start":{"line":173,"column":4},"end":{"line":173,"column":31}},"53":{"start":{"line":174,"column":4},"end":{"line":174,"column":29}},"54":{"start":{"line":177,"column":2},"end":{"line":177,"column":14}},"55":{"start":{"line":185,"column":0},"end":{"line":196,"column":2}},"56":{"start":{"line":186,"column":2},"end":{"line":186,"column":29}},"57":{"start":{"line":187,"column":2},"end":{"line":187,"column":32}},"58":{"start":{"line":189,"column":2},"end":{"line":193,"column":3}},"59":{"start":{"line":190,"column":4},"end":{"line":190,"column":37}},"60":{"start":{"line":191,"column":4},"end":{"line":191,"column":31}},"61":{"start":{"line":192,"column":4},"end":{"line":192,"column":29}},"62":{"start":{"line":195,"column":2},"end":{"line":195,"column":14}},"63":{"start":{"line":200,"column":0},"end":{"line":200,"column":80}},"64":{"start":{"line":201,"column":0},"end":{"line":201,"column":11}},"65":{"start":{"line":203,"column":0},"end":{"line":209,"column":2}},"66":{"start":{"line":204,"column":2},"end":{"line":209,"column":0}},"67":{"start":{"line":205,"column":4},"end":{"line":205,"column":31}},"68":{"start":{"line":206,"column":4},"end":{"line":206,"column":59}},"69":{"start":{"line":207,"column":4},"end":{"line":207,"column":55}},"70":{"start":{"line":211,"column":0},"end":{"line":214,"column":1}},"71":{"start":{"line":212,"column":2},"end":{"line":212,"column":22}},"72":{"start":{"line":213,"column":2},"end":{"line":213,"column":52}},"73":{"start":{"line":218,"column":0},"end":{"line":220,"column":2}},"74":{"start":{"line":219,"column":2},"end":{"line":219,"column":47}},"75":{"start":{"line":222,"column":0},"end":{"line":224,"column":2}},"76":{"start":{"line":223,"column":2},"end":{"line":223,"column":47}},"77":{"start":{"line":226,"column":0},"end":{"line":232,"column":2}},"78":{"start":{"line":227,"column":2},"end":{"line":227,"column":15}},"79":{"start":{"line":228,"column":2},"end":{"line":231,"column":3}},"80":{"start":{"line":229,"column":4},"end":{"line":229,"column":28}},"81":{"start":{"line":230,"column":4},"end":{"line":230,"column":42}},"82":{"start":{"line":233,"column":0},"end":{"line":235,"column":2}}},"branchMap":{"1":{"line":48,"type":"if","locations":[{"start":{"line":48,"column":2},"end":{"line":48,"column":2}},{"start":{"line":48,"column":2},"end":{"line":48,"column":2}}]},"2":{"line":53,"type":"if","locations":[{"start":{"line":53,"column":9},"end":{"line":53,"column":9}},{"start":{"line":53,"column":9},"end":{"line":53,"column":9}}]},"3":{"line":72,"type":"if","locations":[{"start":{"line":72,"column":2},"end":{"line":72,"column":2}},{"start":{"line":72,"column":2},"end":{"line":72,"column":2}}]},"4":{"line":77,"type":"if","locations":[{"start":{"line":77,"column":9},"end":{"line":77,"column":9}},{"start":{"line":77,"column":9},"end":{"line":77,"column":9}}]},"5":{"line":124,"type":"if","locations":[{"start":{"line":124,"column":2},"end":{"line":124,"column":2}},{"start":{"line":124,"column":2},"end":{"line":124,"column":2}}]},"6":{"line":124,"type":"binary-expr","locations":[{"start":{"line":124,"column":6},"end":{"line":124,"column":13}},{"start":{"line":124,"column":17},"end":{"line":124,"column":46}}]},"7":{"line":128,"type":"if","locations":[{"start":{"line":128,"column":2},"end":{"line":128,"column":2}},{"start":{"line":128,"column":2},"end":{"line":128,"column":2}}]},"8":{"line":132,"type":"if","locations":[{"start":{"line":132,"column":2},"end":{"line":132,"column":2}},{"start":{"line":132,"column":2},"end":{"line":132,"column":2}}]},"9":{"line":155,"type":"binary-expr","locations":[{"start":{"line":155,"column":9},"end":{"line":155,"column":32}},{"start":{"line":155,"column":36},"end":{"line":155,"column":69}}]},"10":{"line":159,"type":"binary-expr","locations":[{"start":{"line":159,"column":9},"end":{"line":159,"column":28}},{"start":{"line":159,"column":32},"end":{"line":159,"column":68}},{"start":{"line":159,"column":72},"end":{"line":159,"column":107}}]},"11":{"line":171,"type":"if","locations":[{"start":{"line":171,"column":2},"end":{"line":171,"column":2}},{"start":{"line":171,"column":2},"end":{"line":171,"column":2}}]},"12":{"line":189,"type":"if","locations":[{"start":{"line":189,"column":2},"end":{"line":189,"column":2}},{"start":{"line":189,"column":2},"end":{"line":189,"column":2}}]},"13":{"line":207,"type":"cond-expr","locations":[{"start":{"line":207,"column":41},"end":{"line":207,"column":47}},{"start":{"line":207,"column":50},"end":{"line":207,"column":54}}]}}}}