{"build/deferred.test.js":{"path":"build/deferred.test.js","s":{"1":1,"2":1,"3":18,"4":18,"5":18,"6":1,"7":1,"8":1,"9":0,"10":0,"11":1,"12":15,"13":15,"14":15,"15":10,"16":5,"17":4,"18":15,"19":1,"20":15,"21":15,"22":15,"23":10,"24":5,"25":4,"26":15,"27":1,"28":2,"29":1,"30":1,"31":1,"32":1,"33":1,"34":0,"35":0,"36":0,"37":1,"38":18,"39":1,"40":11,"41":11,"42":11,"43":9,"44":9,"45":9,"46":11,"47":1,"48":11,"49":11,"50":11,"51":9,"52":9,"53":9,"54":11,"55":1,"56":1,"57":1,"58":5,"59":34,"60":34,"61":34,"62":1,"63":5,"64":5,"65":1,"66":9,"67":1,"68":9,"69":1,"70":18,"71":18,"72":18,"73":18,"74":1},"b":{"1":[10,5],"2":[4,1],"3":[10,5],"4":[4,1],"5":[9,2],"6":[9,2],"7":[4,30]},"f":{"1":0,"2":18,"3":0,"4":15,"5":15,"6":2,"7":1,"8":1,"9":0,"10":18,"11":11,"12":11,"13":5,"14":34,"15":9,"16":9,"17":18,"18":0},"fnMap":{"1":{"name":"(anonymous_1)","line":1,"loc":{"start":{"line":1,"column":11},"end":{"line":1,"column":23}}},"2":{"name":"(anonymous_2)","line":9,"loc":{"start":{"line":9,"column":14},"end":{"line":9,"column":26}}},"3":{"name":"(anonymous_3)","line":34,"loc":{"start":{"line":34,"column":18},"end":{"line":34,"column":30}}},"4":{"name":"(anonymous_4)","line":47,"loc":{"start":{"line":47,"column":16},"end":{"line":47,"column":35}}},"5":{"name":"(anonymous_5)","line":71,"loc":{"start":{"line":71,"column":16},"end":{"line":71,"column":35}}},"6":{"name":"(anonymous_6)","line":92,"loc":{"start":{"line":92,"column":21},"end":{"line":92,"column":33}}},"7":{"name":"(anonymous_7)","line":102,"loc":{"start":{"line":102,"column":22},"end":{"line":102,"column":34}}},"8":{"name":"(anonymous_8)","line":112,"loc":{"start":{"line":112,"column":22},"end":{"line":112,"column":34}}},"9":{"name":"(anonymous_9)","line":121,"loc":{"start":{"line":121,"column":16},"end":{"line":121,"column":28}}},"10":{"name":"(anonymous_10)","line":132,"loc":{"start":{"line":132,"column":15},"end":{"line":132,"column":27}}},"11":{"name":"(anonymous_11)","line":141,"loc":{"start":{"line":141,"column":31},"end":{"line":141,"column":43}}},"12":{"name":"(anonymous_12)","line":159,"loc":{"start":{"line":159,"column":32},"end":{"line":159,"column":44}}},"13":{"name":"(anonymous_13)","line":177,"loc":{"start":{"line":177,"column":19},"end":{"line":177,"column":37}}},"14":{"name":"(anonymous_14)","line":178,"loc":{"start":{"line":178,"column":9},"end":{"line":178,"column":21}}},"15":{"name":"(anonymous_15)","line":192,"loc":{"start":{"line":192,"column":17},"end":{"line":192,"column":29}}},"16":{"name":"(anonymous_16)","line":196,"loc":{"start":{"line":196,"column":17},"end":{"line":196,"column":29}}},"17":{"name":"(anonymous_17)","line":200,"loc":{"start":{"line":200,"column":13},"end":{"line":200,"column":40}}},"18":{"name":"(anonymous_18)","line":207,"loc":{"start":{"line":207,"column":16},"end":{"line":207,"column":28}}}},"statementMap":{"1":{"start":{"line":1,"column":0},"end":{"line":1,"column":26}},"2":{"start":{"line":9,"column":0},"end":{"line":16,"column":2}},"3":{"start":{"line":10,"column":2},"end":{"line":10,"column":38}},"4":{"start":{"line":11,"column":2},"end":{"line":11,"column":19}},"5":{"start":{"line":12,"column":2},"end":{"line":15,"column":4}},"6":{"start":{"line":18,"column":0},"end":{"line":22,"column":2}},"7":{"start":{"line":24,"column":0},"end":{"line":24,"column":30}},"8":{"start":{"line":34,"column":0},"end":{"line":37,"column":2}},"9":{"start":{"line":35,"column":2},"end":{"line":35,"column":38}},"10":{"start":{"line":36,"column":2},"end":{"line":36,"column":14}},"11":{"start":{"line":47,"column":0},"end":{"line":61,"column":2}},"12":{"start":{"line":48,"column":2},"end":{"line":48,"column":26}},"13":{"start":{"line":49,"column":2},"end":{"line":49,"column":29}},"14":{"start":{"line":51,"column":2},"end":{"line":58,"column":3}},"15":{"start":{"line":52,"column":4},"end":{"line":55,"column":7}},"16":{"start":{"line":56,"column":9},"end":{"line":58,"column":3}},"17":{"start":{"line":57,"column":4},"end":{"line":57,"column":31}},"18":{"start":{"line":60,"column":2},"end":{"line":60,"column":14}},"19":{"start":{"line":71,"column":0},"end":{"line":84,"column":2}},"20":{"start":{"line":72,"column":2},"end":{"line":72,"column":26}},"21":{"start":{"line":73,"column":2},"end":{"line":73,"column":29}},"22":{"start":{"line":75,"column":2},"end":{"line":82,"column":3}},"23":{"start":{"line":76,"column":4},"end":{"line":79,"column":7}},"24":{"start":{"line":80,"column":9},"end":{"line":82,"column":3}},"25":{"start":{"line":81,"column":4},"end":{"line":81,"column":31}},"26":{"start":{"line":83,"column":2},"end":{"line":83,"column":14}},"27":{"start":{"line":92,"column":0},"end":{"line":94,"column":2}},"28":{"start":{"line":93,"column":2},"end":{"line":93,"column":47}},"29":{"start":{"line":102,"column":0},"end":{"line":104,"column":2}},"30":{"start":{"line":103,"column":2},"end":{"line":103,"column":48}},"31":{"start":{"line":112,"column":0},"end":{"line":114,"column":2}},"32":{"start":{"line":113,"column":2},"end":{"line":113,"column":48}},"33":{"start":{"line":121,"column":0},"end":{"line":125,"column":2}},"34":{"start":{"line":122,"column":2},"end":{"line":122,"column":38}},"35":{"start":{"line":123,"column":2},"end":{"line":123,"column":38}},"36":{"start":{"line":124,"column":2},"end":{"line":124,"column":14}},"37":{"start":{"line":132,"column":0},"end":{"line":134,"column":2}},"38":{"start":{"line":133,"column":2},"end":{"line":133,"column":34}},"39":{"start":{"line":141,"column":0},"end":{"line":152,"column":2}},"40":{"start":{"line":142,"column":2},"end":{"line":142,"column":29}},"41":{"start":{"line":143,"column":2},"end":{"line":143,"column":32}},"42":{"start":{"line":145,"column":2},"end":{"line":149,"column":3}},"43":{"start":{"line":146,"column":4},"end":{"line":146,"column":37}},"44":{"start":{"line":147,"column":4},"end":{"line":147,"column":31}},"45":{"start":{"line":148,"column":4},"end":{"line":148,"column":29}},"46":{"start":{"line":151,"column":2},"end":{"line":151,"column":14}},"47":{"start":{"line":159,"column":0},"end":{"line":170,"column":2}},"48":{"start":{"line":160,"column":2},"end":{"line":160,"column":29}},"49":{"start":{"line":161,"column":2},"end":{"line":161,"column":32}},"50":{"start":{"line":163,"column":2},"end":{"line":167,"column":3}},"51":{"start":{"line":164,"column":4},"end":{"line":164,"column":37}},"52":{"start":{"line":165,"column":4},"end":{"line":165,"column":31}},"53":{"start":{"line":166,"column":4},"end":{"line":166,"column":29}},"54":{"start":{"line":169,"column":2},"end":{"line":169,"column":14}},"55":{"start":{"line":174,"column":0},"end":{"line":174,"column":72}},"56":{"start":{"line":175,"column":0},"end":{"line":175,"column":11}},"57":{"start":{"line":177,"column":0},"end":{"line":183,"column":2}},"58":{"start":{"line":178,"column":2},"end":{"line":183,"column":0}},"59":{"start":{"line":179,"column":4},"end":{"line":179,"column":31}},"60":{"start":{"line":180,"column":4},"end":{"line":180,"column":59}},"61":{"start":{"line":181,"column":4},"end":{"line":181,"column":55}},"62":{"start":{"line":185,"column":0},"end":{"line":188,"column":1}},"63":{"start":{"line":186,"column":2},"end":{"line":186,"column":22}},"64":{"start":{"line":187,"column":2},"end":{"line":187,"column":52}},"65":{"start":{"line":192,"column":0},"end":{"line":194,"column":2}},"66":{"start":{"line":193,"column":2},"end":{"line":193,"column":47}},"67":{"start":{"line":196,"column":0},"end":{"line":198,"column":2}},"68":{"start":{"line":197,"column":2},"end":{"line":197,"column":47}},"69":{"start":{"line":200,"column":0},"end":{"line":206,"column":2}},"70":{"start":{"line":201,"column":2},"end":{"line":201,"column":15}},"71":{"start":{"line":202,"column":2},"end":{"line":205,"column":3}},"72":{"start":{"line":203,"column":4},"end":{"line":203,"column":28}},"73":{"start":{"line":204,"column":4},"end":{"line":204,"column":42}},"74":{"start":{"line":207,"column":0},"end":{"line":209,"column":2}}},"branchMap":{"1":{"line":51,"type":"if","locations":[{"start":{"line":51,"column":2},"end":{"line":51,"column":2}},{"start":{"line":51,"column":2},"end":{"line":51,"column":2}}]},"2":{"line":56,"type":"if","locations":[{"start":{"line":56,"column":9},"end":{"line":56,"column":9}},{"start":{"line":56,"column":9},"end":{"line":56,"column":9}}]},"3":{"line":75,"type":"if","locations":[{"start":{"line":75,"column":2},"end":{"line":75,"column":2}},{"start":{"line":75,"column":2},"end":{"line":75,"column":2}}]},"4":{"line":80,"type":"if","locations":[{"start":{"line":80,"column":9},"end":{"line":80,"column":9}},{"start":{"line":80,"column":9},"end":{"line":80,"column":9}}]},"5":{"line":145,"type":"if","locations":[{"start":{"line":145,"column":2},"end":{"line":145,"column":2}},{"start":{"line":145,"column":2},"end":{"line":145,"column":2}}]},"6":{"line":163,"type":"if","locations":[{"start":{"line":163,"column":2},"end":{"line":163,"column":2}},{"start":{"line":163,"column":2},"end":{"line":163,"column":2}}]},"7":{"line":181,"type":"cond-expr","locations":[{"start":{"line":181,"column":41},"end":{"line":181,"column":47}},{"start":{"line":181,"column":50},"end":{"line":181,"column":54}}]}}}}